=== Dream Cycle Started: Thu Apr 23 03:00:01 AM CST 2026 ===
[1/4] Importing today's memories...
Initializing GBrain from existing memory files...
Imported 3 entries from 2026-04-19.md
Imported 17 entries from 2026-04-15.md
Imported 1 entries from 2026-04-16.md
Imported 12 entries from 2026-04-14.md
Total imported: 33 entries
[2/4] Processing daily raw materials...
[3/4] Checking for new entities...
<stdin>:21: SyntaxWarning: invalid escape sequence '\s'
[4/4] Health check...
Total vectors in brain: 66
=== Dream Cycle Completed: Thu Apr 23 03:00:10 AM CST 2026 ===
=== Dream Cycle Started: Fri Apr 24 03:00:01 AM CST 2026 ===
[1/4] Importing today's memories...
Initializing GBrain from existing memory files...
Imported 3 entries from 2026-04-19.md
Imported 17 entries from 2026-04-15.md
Imported 1 entries from 2026-04-16.md
Imported 12 entries from 2026-04-14.md
Total imported: 33 entries
[2/4] Processing daily raw materials...
[3/4] Checking for new entities...
<stdin>:21: SyntaxWarning: invalid escape sequence '\s'
[4/4] Health check...
Total vectors in brain: 99
=== Dream Cycle Completed: Fri Apr 24 03:00:09 AM CST 2026 ===
=== Dream Cycle Started: Sat Apr 25 03:00:01 AM CST 2026 ===
[1/4] Importing today's memories...
Initializing GBrain from existing memory files...
Imported 3 entries from 2026-04-19.md
Imported 17 entries from 2026-04-15.md
Imported 1 entries from 2026-04-16.md
Imported 12 entries from 2026-04-14.md
Total imported: 33 entries
[2/4] Processing daily raw materials...
[3/4] Checking for new entities...
<stdin>:21: SyntaxWarning: invalid escape sequence '\s'
[4/4] Health check...
Total vectors in brain: 132
=== Dream Cycle Completed: Sat Apr 25 03:00:09 AM CST 2026 ===
=== Dream Cycle Started: Sun Apr 26 03:00:01 AM CST 2026 ===
[1/4] Importing today's memories...
Initializing GBrain from existing memory files...
Imported 3 entries from 2026-04-19.md
Imported 17 entries from 2026-04-15.md
Imported 1 entries from 2026-04-16.md
Imported 12 entries from 2026-04-14.md
Total imported: 33 entries
[2/4] Processing daily raw materials...
[3/4] Checking for new entities...
<stdin>:21: SyntaxWarning: invalid escape sequence '\s'
[4/4] Health check...
Total vectors in brain: 165
=== Dream Cycle Completed: Sun Apr 26 03:00:10 AM CST 2026 ===
=== Dream Cycle Started: Mon Apr 27 03:00:01 AM CST 2026 ===
[1/4] Importing today's memories...
Initializing GBrain from existing memory files...
Imported 3 entries from 2026-04-19.md
Imported 17 entries from 2026-04-15.md
Imported 1 entries from 2026-04-16.md
Imported 12 entries from 2026-04-14.md
Total imported: 33 entries
[2/4] Processing daily raw materials...
[3/4] Checking for new entities...
<stdin>:21: SyntaxWarning: invalid escape sequence '\s'
[4/4] Health check...
Total vectors in brain: 198
=== Dream Cycle Completed: Mon Apr 27 03:00:10 AM CST 2026 ===
=== Dream Cycle Started: Tue Apr 28 03:00:01 AM CST 2026 ===
[1/4] Importing today's memories...
Initializing GBrain from existing memory files...
Imported 3 entries from 2026-04-19.md
Imported 17 entries from 2026-04-15.md
Imported 1 entries from 2026-04-16.md
Imported 12 entries from 2026-04-14.md
Total imported: 33 entries
[2/4] Processing daily raw materials...
[3/4] Checking for new entities...
<stdin>:21: SyntaxWarning: invalid escape sequence '\s'
[4/4] Health check...
Total vectors in brain: 231
=== Dream Cycle Completed: Tue Apr 28 03:00:09 AM CST 2026 ===
=== Dream Cycle Started: Wed Apr 29 03:00:01 AM CST 2026 ===
[1/4] Importing today's memories...
Initializing GBrain from existing memory files...
Imported 3 entries from 2026-04-19.md
Imported 17 entries from 2026-04-15.md
Imported 1 entries from 2026-04-16.md
Imported 12 entries from 2026-04-14.md
Total imported: 33 entries
[2/4] Processing daily raw materials...
[3/4] Checking for new entities...
<stdin>:21: SyntaxWarning: invalid escape sequence '\s'
[4/4] Health check...
Total vectors in brain: 264
=== Dream Cycle Completed: Wed Apr 29 03:00:09 AM CST 2026 ===
=== Dream Cycle Started: Thu Apr 30 03:00:01 AM CST 2026 ===
[1/4] Importing today's memories...
Initializing GBrain from existing memory files...
Imported 3 entries from 2026-04-19.md
Imported 17 entries from 2026-04-15.md
Imported 1 entries from 2026-04-16.md
Imported 12 entries from 2026-04-14.md
Imported 4 entries from 2026-04-30.md
Total imported: 37 entries
[2/4] Processing daily raw materials...
[3/4] Checking for new entities...
<stdin>:21: SyntaxWarning: invalid escape sequence '\s'
Created entity: +素菜
Created entity: %淀粉吸收
Created entity: ,企业线索
Created entity: ,益生菌
Created entity: -前处理
[4/4] Health check...
Total vectors in brain: 301
=== Dream Cycle Completed: Thu Apr 30 03:00:11 AM CST 2026 ===
=== Dream Cycle Started: Fri May  1 03:00:01 AM CST 2026 ===
[1/4] Importing today's memories...
Initializing GBrain from existing memory files...
Imported 3 entries from 2026-04-19.md
Imported 17 entries from 2026-04-15.md
Imported 1 entries from 2026-04-16.md
Imported 12 entries from 2026-04-14.md
Imported 4 entries from 2026-04-30.md
Total imported: 37 entries
[2/4] Processing daily raw materials...
[3/4] Checking for new entities...
<stdin>:21: SyntaxWarning: invalid escape sequence '\s'
Created entity: （代工
[4/4] Health check...
Total vectors in brain: 338
=== Dream Cycle Completed: Fri May  1 03:00:11 AM CST 2026 ===
=== Dream Cycle Started: Sat May  2 03:00:01 AM CST 2026 ===
[1/4] Importing today's memories...
Initializing GBrain from existing memory files...
Imported 3 entries from 2026-04-19.md
Imported 17 entries from 2026-04-15.md
Imported 1 entries from 2026-04-16.md
Imported 12 entries from 2026-04-14.md
Imported 4 entries from 2026-04-30.md
Total imported: 37 entries
[2/4] Processing daily raw materials...
[3/4] Checking for new entities...
<stdin>:21: SyntaxWarning: invalid escape sequence '\s'
Created entity: ,食品加工
[4/4] Health check...
Total vectors in brain: 375
=== Dream Cycle Completed: Sat May  2 03:00:11 AM CST 2026 ===
=== Dream Cycle Started: Sun May  3 03:00:01 AM CST 2026 ===
[1/4] Importing today's memories...
Initializing GBrain from existing memory files...
Imported 3 entries from 2026-04-19.md
Imported 17 entries from 2026-04-15.md
Imported 1 entries from 2026-04-16.md
Imported 12 entries from 2026-04-14.md
Imported 4 entries from 2026-04-30.md
Total imported: 37 entries
[2/4] Processing daily raw materials...
[3/4] Checking for new entities...
<stdin>:21: SyntaxWarning: invalid escape sequence '\s'
[4/4] Health check...
Total vectors in brain: 412
=== Dream Cycle Completed: Sun May  3 03:00:11 AM CST 2026 ===
=== Dream Cycle Started: Mon May  4 03:00:01 AM CST 2026 ===
[1/4] Importing today's memories...
Initializing GBrain from existing memory files...
Imported 3 entries from 2026-04-19.md
Imported 17 entries from 2026-04-15.md
Imported 1 entries from 2026-04-16.md
Imported 12 entries from 2026-04-14.md
Imported 4 entries from 2026-04-30.md
Total imported: 37 entries
[2/4] Processing daily raw materials...
[3/4] Checking for new entities...
<stdin>:21: SyntaxWarning: invalid escape sequence '\s'
[4/4] Health check...
Total vectors in brain: 449
=== Dream Cycle Completed: Mon May  4 03:00:11 AM CST 2026 ===
=== Dream Cycle Started: Tue May  5 03:00:01 AM CST 2026 ===
[1/4] Importing today's memories...
Initializing GBrain from existing memory files...
Imported 3 entries from 2026-04-19.md
Imported 5 entries from 2026-05-04.md
Imported 17 entries from 2026-04-15.md
Imported 1 entries from 2026-04-16.md
Imported 12 entries from 2026-04-14.md
Imported 4 entries from 2026-04-30.md
Total imported: 42 entries
[2/4] Processing daily raw materials...
[3/4] Checking for new entities...
<stdin>:21: SyntaxWarning: invalid escape sequence '\s'
Created entity: "状态
Created entity: ：规则固定
Created entity: 反馈滞后
Created entity: "理念相通
Created entity: 在乎什么
[4/4] Health check...
Total vectors in brain: 491
=== Dream Cycle Completed: Tue May  5 03:00:12 AM CST 2026 ===
=== Dream Cycle Started: Wed May  6 03:00:01 AM CST 2026 ===
[1/4] Importing today's memories...
Initializing GBrain from existing memory files...
Imported 3 entries from 2026-04-19.md
Imported 5 entries from 2026-05-04.md
Imported 17 entries from 2026-04-15.md
Imported 1 entries from 2026-04-16.md
Imported 12 entries from 2026-04-14.md
Imported 4 entries from 2026-04-30.md
Total imported: 42 entries
[2/4] Processing daily raw materials...
[3/4] Checking for new entities...
<stdin>:21: SyntaxWarning: invalid escape sequence '\s'
Created entity: 探索
Created entity: 晋江
Created entity: ：规则多变
Created entity: 反馈
Created entity: 收藏暴涨
[4/4] Health check...
Total vectors in brain: 533
=== Dream Cycle Completed: Wed May  6 03:00:13 AM CST 2026 ===
=== Dream Cycle Started: Thu May  7 03:00:01 AM CST 2026 ===
[1/4] Importing today's memories...
Initializing GBrain from existing memory files...
Imported 3 entries from 2026-04-19.md
Imported 5 entries from 2026-05-04.md
Imported 17 entries from 2026-04-15.md
Imported 1 entries from 2026-04-16.md
Imported 12 entries from 2026-04-14.md
Imported 4 entries from 2026-04-30.md
Total imported: 42 entries
[2/4] Processing daily raw materials...
[3/4] Checking for new entities...
<stdin>:21: SyntaxWarning: invalid escape sequence '\s'
[4/4] Health check...
Total vectors in brain: 575
=== Dream Cycle Completed: Thu May  7 03:00:14 AM CST 2026 ===
=== Dream Cycle Started: Fri May  8 03:00:01 AM CST 2026 ===
[1/4] Importing today's memories...
Initializing GBrain from existing memory files...
Imported 3 entries from 2026-04-19.md
Imported 5 entries from 2026-05-04.md
Imported 17 entries from 2026-04-15.md
Imported 1 entries from 2026-04-16.md
Imported 12 entries from 2026-04-14.md
Imported 4 entries from 2026-04-30.md
Total imported: 42 entries
[2/4] Processing daily raw materials...
[3/4] Checking for new entities...
<stdin>:21: SyntaxWarning: invalid escape sequence '\s'
[4/4] Health check...
Total vectors in brain: 617
=== Dream Cycle Completed: Fri May  8 03:00:13 AM CST 2026 ===
=== Dream Cycle Started: Sat May  9 03:00:01 AM CST 2026 ===
[1/4] Importing today's memories...
Initializing GBrain from existing memory files...
Imported 3 entries from 2026-04-19.md
Imported 5 entries from 2026-05-04.md
Imported 14 entries from 2026-05-08.md
Imported 17 entries from 2026-04-15.md
Imported 1 entries from 2026-04-16.md
Imported 12 entries from 2026-04-14.md
Imported 4 entries from 2026-04-30.md
Total imported: 56 entries
[2/4] Processing daily raw materials...
[3/4] Checking for new entities...
<stdin>:21: SyntaxWarning: invalid escape sequence '\s'
Created entity: 记忆冠军
Created entity: （简历初筛
Created entity: 组织发展
Created entity: 养龙虾
Created entity: （低延迟
[4/4] Health check...
Total vectors in brain: 673
=== Dream Cycle Completed: Sat May  9 03:00:18 AM CST 2026 ===
=== Dream Cycle Started: Sun May 10 03:00:01 AM CST 2026 ===
[1/4] Importing today's memories...
Initializing GBrain from existing memory files...
Imported 3 entries from 2026-04-19.md
Imported 5 entries from 2026-05-04.md
Imported 14 entries from 2026-05-08.md
Imported 17 entries from 2026-04-15.md
Imported 1 entries from 2026-04-16.md
Imported 12 entries from 2026-04-14.md
Imported 4 entries from 2026-04-30.md
Total imported: 56 entries
[2/4] Processing daily raw materials...
[3/4] Checking for new entities...
<stdin>:21: SyntaxWarning: invalid escape sequence '\s'
Created entity: 半人马棋
Created entity: /小公司
Created entity: "定位
[4/4] Health check...
Total vectors in brain: 729
=== Dream Cycle Completed: Sun May 10 03:00:16 AM CST 2026 ===
=== Dream Cycle Started: Mon May 11 03:00:01 AM CST 2026 ===
[1/4] Importing today's memories...
Initializing GBrain from existing memory files...
Imported 3 entries from 2026-04-19.md
Imported 5 entries from 2026-05-04.md
Imported 14 entries from 2026-05-08.md
Imported 17 entries from 2026-04-15.md
Imported 1 entries from 2026-04-16.md
Imported 12 entries from 2026-04-14.md
Imported 4 entries from 2026-04-30.md
Total imported: 56 entries
[2/4] Processing daily raw materials...
[3/4] Checking for new entities...
<stdin>:21: SyntaxWarning: invalid escape sequence '\s'
[4/4] Health check...
Total vectors in brain: 785
=== Dream Cycle Completed: Mon May 11 03:00:17 AM CST 2026 ===
=== Dream Cycle Started: Tue May 12 03:00:01 AM CST 2026 ===
[1/4] Importing today's memories...
Initializing GBrain from existing memory files...
Imported 3 entries from 2026-04-19.md
Imported 5 entries from 2026-05-04.md
Imported 14 entries from 2026-05-08.md
Imported 17 entries from 2026-04-15.md
Imported 1 entries from 2026-04-16.md
Imported 12 entries from 2026-04-14.md
Imported 4 entries from 2026-04-30.md
Total imported: 56 entries
[2/4] Processing daily raw materials...
[3/4] Checking for new entities...
<stdin>:21: SyntaxWarning: invalid escape sequence '\s'
[4/4] Health check...
Total vectors in brain: 841
=== Dream Cycle Completed: Tue May 12 03:00:17 AM CST 2026 ===
=== Dream Cycle Started: Wed May 13 03:00:01 AM CST 2026 ===
[1/4] Importing today's memories...
Initializing GBrain from existing memory files...
Imported 3 entries from 2026-04-19.md
Imported 5 entries from 2026-05-04.md
Imported 14 entries from 2026-05-08.md
Imported 17 entries from 2026-04-15.md
Imported 1 entries from 2026-04-16.md
Imported 12 entries from 2026-04-14.md
Imported 4 entries from 2026-04-30.md
Total imported: 56 entries
[2/4] Processing daily raw materials...
[3/4] Checking for new entities...
<stdin>:21: SyntaxWarning: invalid escape sequence '\s'
[4/4] Health check...
Total vectors in brain: 897
=== Dream Cycle Completed: Wed May 13 03:00:18 AM CST 2026 ===
=== Dream Cycle Started: Thu May 14 03:00:01 AM CST 2026 ===
[1/4] Importing today's memories...
Initializing GBrain from existing memory files...
Imported 3 entries from 2026-04-19.md
Imported 5 entries from 2026-05-04.md
Imported 14 entries from 2026-05-08.md
Imported 17 entries from 2026-04-15.md
Imported 1 entries from 2026-04-16.md
Imported 12 entries from 2026-04-14.md
Imported 4 entries from 2026-04-30.md
Total imported: 56 entries
[2/4] Processing daily raw materials...
[3/4] Checking for new entities...
<stdin>:21: SyntaxWarning: invalid escape sequence '\s'
[4/4] Health check...
Total vectors in brain: 953
=== Dream Cycle Completed: Thu May 14 03:00:19 AM CST 2026 ===
=== Dream Cycle Started: Fri May 15 03:00:01 AM CST 2026 ===
[1/4] Importing today's memories...
Initializing GBrain from existing memory files...
Imported 3 entries from 2026-04-19.md
Imported 5 entries from 2026-05-04.md
Imported 14 entries from 2026-05-08.md
Imported 17 entries from 2026-04-15.md
Imported 1 entries from 2026-04-16.md
Imported 4 entries from draft-2026-05-14.md
Imported 12 entries from 2026-04-14.md
Imported 4 entries from 2026-04-30.md
Total imported: 60 entries
[2/4] Processing daily raw materials...
[3/4] Checking for new entities...
<stdin>:21: SyntaxWarning: invalid escape sequence '\s'
[4/4] Health check...
Total vectors in brain: 1013
=== Dream Cycle Completed: Fri May 15 03:00:18 AM CST 2026 ===
=== Dream Cycle Started: Sat May 16 03:00:01 AM CST 2026 ===
[1/4] Importing today's memories...
Initializing GBrain from existing memory files...
Imported 3 entries from 2026-04-19.md
Imported 5 entries from 2026-05-04.md
Imported 14 entries from 2026-05-08.md
Imported 17 entries from 2026-04-15.md
Imported 1 entries from 2026-04-16.md
Imported 4 entries from draft-2026-05-14.md
Imported 12 entries from 2026-04-14.md
Imported 4 entries from 2026-04-30.md
Total imported: 60 entries
[2/4] Processing daily raw materials...
[3/4] Checking for new entities...
<stdin>:21: SyntaxWarning: invalid escape sequence '\s'
[4/4] Health check...
Total vectors in brain: 1073
=== Dream Cycle Completed: Sat May 16 03:00:15 AM CST 2026 ===
=== Dream Cycle Started: Sun May 17 03:00:01 AM CST 2026 ===
[1/4] Importing today's memories...
Initializing GBrain from existing memory files...
Imported 3 entries from 2026-04-19.md
Imported 5 entries from 2026-05-04.md
Imported 14 entries from 2026-05-08.md
Imported 17 entries from 2026-04-15.md
Imported 1 entries from 2026-04-16.md
Imported 4 entries from draft-2026-05-14.md
Imported 12 entries from 2026-04-14.md
Imported 4 entries from 2026-04-30.md
Total imported: 60 entries
[2/4] Processing daily raw materials...
[3/4] Checking for new entities...
<stdin>:21: SyntaxWarning: invalid escape sequence '\s'
[4/4] Health check...
Total vectors in brain: 1133
=== Dream Cycle Completed: Sun May 17 03:00:15 AM CST 2026 ===
=== Dream Cycle Started: Mon May 18 03:00:01 AM CST 2026 ===
[1/4] Importing today's memories...
Initializing GBrain from existing memory files...
Imported 3 entries from 2026-04-19.md
Imported 5 entries from 2026-05-04.md
Imported 14 entries from 2026-05-08.md
Imported 17 entries from 2026-04-15.md
Imported 1 entries from 2026-04-16.md
Imported 4 entries from draft-2026-05-14.md
Imported 12 entries from 2026-04-14.md
Imported 4 entries from 2026-04-30.md
Total imported: 60 entries
[2/4] Processing daily raw materials...
[3/4] Checking for new entities...
<stdin>:21: SyntaxWarning: invalid escape sequence '\s'
[4/4] Health check...
Total vectors in brain: 1193
=== Dream Cycle Completed: Mon May 18 03:00:15 AM CST 2026 ===
=== Dream Cycle Started: Tue May 19 03:00:01 AM CST 2026 ===
[1/4] Importing today's memories...
Initializing GBrain from existing memory files...
Imported 3 entries from 2026-04-19.md
Imported 5 entries from 2026-05-04.md
Imported 14 entries from 2026-05-08.md
Imported 17 entries from 2026-04-15.md
Imported 1 entries from 2026-04-16.md
Imported 4 entries from draft-2026-05-14.md
Imported 12 entries from 2026-04-14.md
Imported 4 entries from 2026-04-30.md
Total imported: 60 entries
[2/4] Processing daily raw materials...
[3/4] Checking for new entities...
<stdin>:21: SyntaxWarning: invalid escape sequence '\s'
[4/4] Health check...
Total vectors in brain: 1253
=== Dream Cycle Completed: Tue May 19 03:00:16 AM CST 2026 ===
